<?xml version="1.0" encoding="UTF-8"?>
<!-- Generated by org.testng.reporters.JUnitReportReporter -->
<testsuite hostname="DESKTOP-FAIQAUP" failures="0" tests="1" name="ScrapeRecipes.scrapeTarlaDalal" time="6259.395" errors="0" timestamp="2023-04-25T20:12:15 CDT" skipped="0">
  <testcase classname="ScrapeRecipes.scrapeTarlaDalal" name="search_for_recipes_diabetes" time="6259.395"/>
  <system-out/>
</testsuite> <!-- ScrapeRecipes.scrapeTarlaDalal -->
